intrman_IMPORTS_start
I_CpuSuspendIntr
I_CpuResumeIntr
intrman_IMPORTS_end

ioman_IMPORTS_start
I_AddDrv
I_DelDrv
ioman_IMPORTS_end

ps2ip_IMPORTS_start
I_lwip_close
I_lwip_connect
I_lwip_fcntl
I_lwip_freeaddrinfo
I_lwip_getaddrinfo
I_lwip_getsockopt
I_lwip_recv
I_lwip_send
I_lwip_socket
I_lwip_select
I_lwip_setsockopt
ps2ip_IMPORTS_end

sysclib_IMPORTS_start
I_bzero
I_look_ctype_table
I_memcmp
I_memcpy
I_memmove
I_memset
I_strcpy
I_strncpy
I_strchr
I_strcmp
I_strncmp
I_strtok
I_strrchr
I_strcat
I_strlen
I_strtol
I_toupper
sysclib_IMPORTS_end

stdio_IMPORTS_start
I_printf
I_sprintf
stdio_IMPORTS_end

sysmem_IMPORTS_start
I_AllocSysMemory
I_FreeSysMemory
sysmem_IMPORTS_end

thbase_IMPORTS_start
I_GetSystemTime
I_SysClock2USec
thbase_IMPORTS_end



